0 verbose cli C:\Program Files\nodejs\node.exe C:\Program Files\nodejs\node_modules\npm\bin\npm-cli.js
1 info using npm@11.13.0
2 info using node@v24.16.0
3 silly config load:file:C:\Program Files\nodejs\node_modules\npm\npmrc
4 silly config load:file:D:\Study\GeniusSpase\FullStack\NodeJs\lesson-8\.npmrc
5 silly config load:file:C:\Users\DELL\.npmrc
6 silly config load:file:C:\Users\DELL\AppData\Roaming\npm\etc\npmrc
7 verbose title npm install @types/express @types/body-parser
8 verbose argv "install" "--save-dev" "@types/express" "@types/body-parser"
9 verbose logfile logs-max:10 dir:D:\Study\GeniusSpase\FullStack\NodeJs\lesson-8\npm-cache\_logs\2026-06-11T15_04_38_789Z-
10 verbose logfile D:\Study\GeniusSpase\FullStack\NodeJs\lesson-8\npm-cache\_logs\2026-06-11T15_04_38_789Z-debug-0.log
11 silly logfile done cleaning log files
12 silly packumentCache heap:4496293888 maxSize:1124073472 maxEntrySize:562036736
13 silly idealTree buildDeps
14 silly fetch manifest @types/express@*
15 silly packumentCache full:https://registry.npmjs.org/@types%2fexpress cache-miss
16 http fetch GET 200 https://registry.npmjs.org/@types%2fexpress 2007ms (cache miss)
17 silly packumentCache full:https://registry.npmjs.org/@types%2fexpress set size:undefined disposed:false
18 silly fetch manifest @types/body-parser@*
19 silly packumentCache full:https://registry.npmjs.org/@types%2fbody-parser cache-miss
20 http fetch GET 200 https://registry.npmjs.org/@types%2fbody-parser 878ms (cache miss)
21 silly packumentCache full:https://registry.npmjs.org/@types%2fbody-parser set size:undefined disposed:false
22 silly placeDep ROOT @types/body-parser@1.19.6 OK for: lesson-8@1.0.0 want: *
23 silly placeDep ROOT @types/express@5.0.6 OK for: lesson-8@1.0.0 want: *
24 silly fetch manifest @types/node@*
25 silly packumentCache full:https://registry.npmjs.org/@types%2fnode cache-miss
26 silly fetch manifest @types/connect@*
27 silly packumentCache full:https://registry.npmjs.org/@types%2fconnect cache-miss
28 silly fetch manifest @types/serve-static@^2
29 silly packumentCache full:https://registry.npmjs.org/@types%2fserve-static cache-miss
30 http fetch GET 200 https://registry.npmjs.org/@types%2fserve-static 531ms (cache miss)
31 silly packumentCache full:https://registry.npmjs.org/@types%2fserve-static set size:undefined disposed:false
32 silly fetch manifest @types/express-serve-static-core@^5.0.0
33 silly packumentCache full:https://registry.npmjs.org/@types%2fexpress-serve-static-core cache-miss
34 http fetch GET 200 https://registry.npmjs.org/@types%2fconnect 546ms (cache miss)
35 silly packumentCache full:https://registry.npmjs.org/@types%2fconnect set size:undefined disposed:false
36 http fetch GET 200 https://registry.npmjs.org/@types%2fexpress-serve-static-core 190ms (cache miss)
37 silly packumentCache full:https://registry.npmjs.org/@types%2fexpress-serve-static-core set size:undefined disposed:false
38 http fetch GET 200 https://registry.npmjs.org/@types%2fnode 1169ms (cache miss)
39 silly packumentCache full:https://registry.npmjs.org/@types%2fnode set size:undefined disposed:false
40 silly placeDep ROOT @types/connect@3.4.38 OK for: @types/body-parser@1.19.6 want: *
41 silly placeDep ROOT @types/node@25.9.3 OK for: @types/body-parser@1.19.6 want: *
42 silly fetch manifest undici-types@>=7.24.0 <7.24.7
43 silly packumentCache full:https://registry.npmjs.org/undici-types cache-miss
44 http fetch GET 200 https://registry.npmjs.org/undici-types 150ms (cache miss)
45 silly packumentCache full:https://registry.npmjs.org/undici-types set size:undefined disposed:false
46 silly placeDep ROOT @types/express-serve-static-core@5.1.1 OK for: @types/express@5.0.6 want: ^5.0.0
47 silly placeDep ROOT @types/serve-static@2.2.0 OK for: @types/express@5.0.6 want: ^2
48 silly fetch manifest @types/qs@*
49 silly packumentCache full:https://registry.npmjs.org/@types%2fqs cache-miss
50 silly fetch manifest @types/send@*
51 silly packumentCache full:https://registry.npmjs.org/@types%2fsend cache-miss
52 silly fetch manifest @types/range-parser@*
53 silly packumentCache full:https://registry.npmjs.org/@types%2frange-parser cache-miss
54 http fetch GET 200 https://registry.npmjs.org/@types%2fsend 297ms (cache miss)
55 silly packumentCache full:https://registry.npmjs.org/@types%2fsend set size:undefined disposed:false
56 silly fetch manifest @types/http-errors@*
57 silly packumentCache full:https://registry.npmjs.org/@types%2fhttp-errors cache-miss
58 http fetch GET 200 https://registry.npmjs.org/@types%2frange-parser 307ms (cache miss)
59 silly packumentCache full:https://registry.npmjs.org/@types%2frange-parser set size:undefined disposed:false
60 http fetch GET 200 https://registry.npmjs.org/@types%2fqs 488ms (cache miss)
61 silly packumentCache full:https://registry.npmjs.org/@types%2fqs set size:undefined disposed:false
62 http fetch GET 200 https://registry.npmjs.org/@types%2fhttp-errors 498ms (cache miss)
63 silly packumentCache full:https://registry.npmjs.org/@types%2fhttp-errors set size:undefined disposed:false
64 silly placeDep ROOT @types/qs@6.15.1 OK for: @types/express-serve-static-core@5.1.1 want: *
65 silly placeDep ROOT @types/range-parser@1.2.7 OK for: @types/express-serve-static-core@5.1.1 want: *
66 silly placeDep ROOT @types/send@1.2.1 OK for: @types/express-serve-static-core@5.1.1 want: *
67 silly placeDep ROOT undici-types@7.24.6 OK for: @types/node@25.9.3 want: >=7.24.0 <7.24.7
68 silly placeDep ROOT @types/http-errors@2.0.5 OK for: @types/serve-static@2.2.0 want: *
69 silly reify moves {}
70 silly audit bulk request {
70 silly audit   accepts: [ '2.0.0' ],
70 silly audit   'body-parser': [ '2.2.2' ],
70 silly audit   bytes: [ '3.1.2' ],
70 silly audit   'call-bind-apply-helpers': [ '1.0.2' ],
70 silly audit   'call-bound': [ '1.0.4' ],
70 silly audit   'content-disposition': [ '1.1.0' ],
70 silly audit   'content-type': [ '1.0.5', '2.0.0' ],
70 silly audit   cookie: [ '0.7.2' ],
70 silly audit   'cookie-signature': [ '1.2.2' ],
70 silly audit   debug: [ '4.4.3' ],
70 silly audit   depd: [ '2.0.0' ],
70 silly audit   'dunder-proto': [ '1.0.1' ],
70 silly audit   'ee-first': [ '1.1.1' ],
70 silly audit   encodeurl: [ '2.0.0' ],
70 silly audit   'es-define-property': [ '1.0.1' ],
70 silly audit   'es-errors': [ '1.3.0' ],
70 silly audit   'es-object-atoms': [ '1.1.2' ],
70 silly audit   'escape-html': [ '1.0.3' ],
70 silly audit   etag: [ '1.8.1' ],
70 silly audit   express: [ '5.2.1' ],
70 silly audit   finalhandler: [ '2.1.1' ],
70 silly audit   forwarded: [ '0.2.0' ],
70 silly audit   fresh: [ '2.0.0' ],
70 silly audit   'function-bind': [ '1.1.2' ],
70 silly audit   'get-intrinsic': [ '1.3.0' ],
70 silly audit   'get-proto': [ '1.0.1' ],
70 silly audit   gopd: [ '1.2.0' ],
70 silly audit   'has-symbols': [ '1.1.0' ],
70 silly audit   hasown: [ '2.0.4' ],
70 silly audit   'http-errors': [ '2.0.1' ],
70 silly audit   'iconv-lite': [ '0.7.2' ],
70 silly audit   inherits: [ '2.0.4' ],
70 silly audit   'ipaddr.js': [ '1.9.1' ],
70 silly audit   'is-promise': [ '4.0.0' ],
70 silly audit   'math-intrinsics': [ '1.1.0' ],
70 silly audit   'media-typer': [ '1.1.0' ],
70 silly audit   'merge-descriptors': [ '2.0.0' ],
70 silly audit   'mime-db': [ '1.54.0' ],
70 silly audit   'mime-types': [ '3.0.2' ],
70 silly audit   ms: [ '2.1.3' ],
70 silly audit   negotiator: [ '1.0.0' ],
70 silly audit   'object-inspect': [ '1.13.4' ],
70 silly audit   'on-finished': [ '2.4.1' ],
70 silly audit   once: [ '1.4.0' ],
70 silly audit   parseurl: [ '1.3.3' ],
70 silly audit   'path-to-regexp': [ '8.4.2' ],
70 silly audit   'proxy-addr': [ '2.0.7' ],
70 silly audit   qs: [ '6.15.2' ],
70 silly audit   'range-parser': [ '1.2.1' ],
70 silly audit   'raw-body': [ '3.0.2' ],
70 silly audit   router: [ '2.2.0' ],
70 silly audit   'safer-buffer': [ '2.1.2' ],
70 silly audit   send: [ '1.2.1' ],
70 silly audit   'serve-static': [ '2.2.1' ],
70 silly audit   setprototypeof: [ '1.2.0' ],
70 silly audit   'side-channel': [ '1.1.1' ],
70 silly audit   'side-channel-list': [ '1.0.1' ],
70 silly audit   'side-channel-map': [ '1.0.1' ],
70 silly audit   'side-channel-weakmap': [ '1.0.2' ],
70 silly audit   statuses: [ '2.0.2' ],
70 silly audit   toidentifier: [ '1.0.1' ],
70 silly audit   'type-is': [ '2.1.0' ],
70 silly audit   unpipe: [ '1.0.0' ],
70 silly audit   vary: [ '1.1.2' ],
70 silly audit   wrappy: [ '1.0.2' ],
70 silly audit   '@types/body-parser': [ '1.19.6' ],
70 silly audit   '@types/express': [ '5.0.6' ],
70 silly audit   '@types/connect': [ '3.4.38' ],
70 silly audit   '@types/node': [ '25.9.3' ],
70 silly audit   '@types/express-serve-static-core': [ '5.1.1' ],
70 silly audit   '@types/serve-static': [ '2.2.0' ],
70 silly audit   '@types/qs': [ '6.15.1' ],
70 silly audit   '@types/range-parser': [ '1.2.7' ],
70 silly audit   '@types/send': [ '1.2.1' ],
70 silly audit   'undici-types': [ '7.24.6' ],
70 silly audit   '@types/http-errors': [ '2.0.5' ]
70 silly audit }
71 http cache undici-types@https://registry.npmjs.org/undici-types/-/undici-types-7.24.6.tgz 0ms (cache hit)
72 http cache @types/http-errors@https://registry.npmjs.org/@types/http-errors/-/http-errors-2.0.5.tgz 0ms (cache hit)
73 http cache @types/send@https://registry.npmjs.org/@types/send/-/send-1.2.1.tgz 0ms (cache hit)
74 http cache @types/range-parser@https://registry.npmjs.org/@types/range-parser/-/range-parser-1.2.7.tgz 0ms (cache hit)
75 http cache @types/qs@https://registry.npmjs.org/@types/qs/-/qs-6.15.1.tgz 0ms (cache hit)
76 http cache @types/serve-static@https://registry.npmjs.org/@types/serve-static/-/serve-static-2.2.0.tgz 0ms (cache hit)
77 http cache @types/express-serve-static-core@https://registry.npmjs.org/@types/express-serve-static-core/-/express-serve-static-core-5.1.1.tgz 0ms (cache hit)
78 http cache @types/node@https://registry.npmjs.org/@types/node/-/node-25.9.3.tgz 0ms (cache hit)
79 silly tarball no local data for undici-types@https://registry.npmjs.org/undici-types/-/undici-types-7.24.6.tgz. Extracting by manifest.
80 silly tarball no local data for @types/http-errors@https://registry.npmjs.org/@types/http-errors/-/http-errors-2.0.5.tgz. Extracting by manifest.
81 silly tarball no local data for @types/send@https://registry.npmjs.org/@types/send/-/send-1.2.1.tgz. Extracting by manifest.
82 silly tarball no local data for @types/range-parser@https://registry.npmjs.org/@types/range-parser/-/range-parser-1.2.7.tgz. Extracting by manifest.
83 silly tarball no local data for @types/qs@https://registry.npmjs.org/@types/qs/-/qs-6.15.1.tgz. Extracting by manifest.
84 silly tarball no local data for @types/serve-static@https://registry.npmjs.org/@types/serve-static/-/serve-static-2.2.0.tgz. Extracting by manifest.
85 silly tarball no local data for @types/express-serve-static-core@https://registry.npmjs.org/@types/express-serve-static-core/-/express-serve-static-core-5.1.1.tgz. Extracting by manifest.
86 silly tarball no local data for @types/node@https://registry.npmjs.org/@types/node/-/node-25.9.3.tgz. Extracting by manifest.
87 http cache @types/connect@https://registry.npmjs.org/@types/connect/-/connect-3.4.38.tgz 0ms (cache hit)
88 http cache @types/express@https://registry.npmjs.org/@types/express/-/express-5.0.6.tgz 0ms (cache hit)
89 http cache @types/body-parser@https://registry.npmjs.org/@types/body-parser/-/body-parser-1.19.6.tgz 0ms (cache hit)
90 silly tarball no local data for @types/connect@https://registry.npmjs.org/@types/connect/-/connect-3.4.38.tgz. Extracting by manifest.
91 silly tarball no local data for @types/express@https://registry.npmjs.org/@types/express/-/express-5.0.6.tgz. Extracting by manifest.
92 silly tarball no local data for @types/body-parser@https://registry.npmjs.org/@types/body-parser/-/body-parser-1.19.6.tgz. Extracting by manifest.
93 http fetch GET 200 https://registry.npmjs.org/@types/http-errors/-/http-errors-2.0.5.tgz 158ms (cache miss)
94 http fetch POST 200 https://registry.npmjs.org/-/npm/v1/security/advisories/bulk 268ms
95 silly audit report {}
96 http fetch GET 200 https://registry.npmjs.org/undici-types/-/undici-types-7.24.6.tgz 267ms (cache miss)
97 http fetch GET 200 https://registry.npmjs.org/@types/qs/-/qs-6.15.1.tgz 313ms (cache miss)
98 http fetch GET 200 https://registry.npmjs.org/@types/send/-/send-1.2.1.tgz 316ms (cache miss)
99 http fetch GET 200 https://registry.npmjs.org/@types/range-parser/-/range-parser-1.2.7.tgz 318ms (cache miss)
100 http fetch GET 200 https://registry.npmjs.org/@types/body-parser/-/body-parser-1.19.6.tgz 310ms (cache miss)
101 http fetch GET 200 https://registry.npmjs.org/@types/serve-static/-/serve-static-2.2.0.tgz 343ms (cache miss)
102 http fetch GET 200 https://registry.npmjs.org/@types/connect/-/connect-3.4.38.tgz 359ms (cache miss)
103 http fetch GET 200 https://registry.npmjs.org/@types/express-serve-static-core/-/express-serve-static-core-5.1.1.tgz 378ms (cache miss)
104 http fetch GET 200 https://registry.npmjs.org/@types/express/-/express-5.0.6.tgz 364ms (cache miss)
105 http fetch GET 200 https://registry.npmjs.org/@types/node/-/node-25.9.3.tgz 643ms (cache miss)
106 silly ADD node_modules/@types/http-errors
107 silly ADD node_modules/undici-types
108 silly ADD node_modules/@types/send
109 silly ADD node_modules/@types/range-parser
110 silly ADD node_modules/@types/qs
111 silly ADD node_modules/@types/serve-static
112 silly ADD node_modules/@types/express-serve-static-core
113 silly ADD node_modules/@types/node
114 silly ADD node_modules/@types/connect
115 silly ADD node_modules/@types/express
116 silly ADD node_modules/@types/body-parser
117 verbose cwd D:\Study\GeniusSpase\FullStack\NodeJs\lesson-8
118 verbose os Windows_NT 10.0.26200
119 verbose node v24.16.0
120 verbose npm  v11.13.0
121 verbose exit 0
122 info ok
